<?xml version="1.0" encoding="UTF-8"?>
<!-- Generated by org.testng.reporters.JUnitReportReporter -->
<testsuite skipped="0" hostname="Movlonbeks-MacBook-Pro.local" name="Health.Covarage" tests="1" failures="0" timestamp="18 Jun 2019 20:04:15 GMT" time="7.438" errors="0">
  <testcase name="HealthCovarage" time="7.438" classname="Health.Covarage"/>
</testsuite> <!-- Health.Covarage -->
